Miyuki - 2026-02-24 23:51:40 - INFO - Successfully matched eval split string content.
Miyuki - 2026-02-24 23:51:40 - DEBUG - Split string content raw: 'f=\'8://7.6/5-4-3-2-1/e.0\';d=\'8://7.6/5-4-3-2-1/c/9.0\';b=\'8://7.6/5-4-3-2-1/a/9.0\';',16,16,'m3u8|06f630edd449|81af|41d8|07f3|803c1d1c|com|surrit|https|video|1280x720|source1280|842x480|source842|playlist|source'
Miyuki - 2026-02-24 23:51:40 - DEBUG - Split parts array (length 16): ["f=\\'8://7.6/5-4-3-2-1/e.0\\';d=\\'8://7.6/5-4-3-2-1/c/9.0\\';b=\\'8://7.6/5-4-3-2-1/a/9.0\\';',16,16,'m3u8", '06f630edd449', '81af', '41d8', '07f3', '803c1d1c', 'com', 'surrit', 'https', 'video', '1280x720', 'source1280', '842x480', 'source842', 'playlist', 'source']
Miyuki - 2026-02-24 23:51:40 - INFO - Constructed UUID successfully: 803c1d1c-07f3-41d8-81af-06f630edd449
Miyuki - 2026-02-24 23:51:40 - INFO - Found title: 'HRV-023 Life&#039;s First Trance State Super Iki Cum Sex BES', Sanitized: 'HRV-023_Life&#039;s_First_Trance_State_Super_Iki_Cum_Sex_BES_uncensored'
Miyuki - 2026-02-24 23:56:33 - INFO - Successfully matched eval split string content.
Miyuki - 2026-02-24 23:56:33 - DEBUG - Split string content raw: 'f=\'8://7.6/5-4-3-2-1/e.0\';d=\'8://7.6/5-4-3-2-1/c/9.0\';b=\'8://7.6/5-4-3-2-1/a/9.0\';',16,16,'m3u8|06f630edd449|81af|41d8|07f3|803c1d1c|com|surrit|https|video|1280x720|source1280|842x480|source842|playlist|source'
Miyuki - 2026-02-24 23:56:33 - DEBUG - Split parts array (length 16): ["f=\\'8://7.6/5-4-3-2-1/e.0\\';d=\\'8://7.6/5-4-3-2-1/c/9.0\\';b=\\'8://7.6/5-4-3-2-1/a/9.0\\';',16,16,'m3u8", '06f630edd449', '81af', '41d8', '07f3', '803c1d1c', 'com', 'surrit', 'https', 'video', '1280x720', 'source1280', '842x480', 'source842', 'playlist', 'source']
Miyuki - 2026-02-24 23:56:33 - INFO - Constructed UUID successfully: 803c1d1c-07f3-41d8-81af-06f630edd449
Miyuki - 2026-02-24 23:56:33 - INFO - Found title: 'HRV-023 Life&#039;s First Trance State Super Iki Cum Sex BES', Sanitized: 'HRV-023_Life&#039;s_First_Trance_State_Super_Iki_Cum_Sex_BES_uncensored'
Miyuki - 2026-02-24 23:58:52 - INFO - Successfully matched eval split string content.
Miyuki - 2026-02-24 23:58:52 - DEBUG - Split string content raw: 'f=\'8://7.6/5-4-3-2-1/e.0\';d=\'8://7.6/5-4-3-2-1/c/9.0\';b=\'8://7.6/5-4-3-2-1/a/9.0\';',16,16,'m3u8|06f630edd449|81af|41d8|07f3|803c1d1c|com|surrit|https|video|1280x720|source1280|842x480|source842|playlist|source'
Miyuki - 2026-02-24 23:58:52 - DEBUG - Split parts array (length 16): ["f=\\'8://7.6/5-4-3-2-1/e.0\\';d=\\'8://7.6/5-4-3-2-1/c/9.0\\';b=\\'8://7.6/5-4-3-2-1/a/9.0\\';',16,16,'m3u8", '06f630edd449', '81af', '41d8', '07f3', '803c1d1c', 'com', 'surrit', 'https', 'video', '1280x720', 'source1280', '842x480', 'source842', 'playlist', 'source']
Miyuki - 2026-02-24 23:58:52 - INFO - Constructed UUID successfully: 803c1d1c-07f3-41d8-81af-06f630edd449
Miyuki - 2026-02-24 23:58:52 - INFO - Found title: 'HRV-023 Life&#039;s First Trance State Super Iki Cum Sex BES', Sanitized: 'HRV-023_Life&#039;s_First_Trance_State_Super_Iki_Cum_Sex_BES_uncensored'
Miyuki - 2026-02-25 00:15:31 - INFO - Successfully matched eval split string content.
Miyuki - 2026-02-25 00:15:31 - DEBUG - Split string content raw: 'f=\'8://7.6/5-4-3-2-1/e.0\';d=\'8://7.6/5-4-3-2-1/c/9.0\';b=\'8://7.6/5-4-3-2-1/a/9.0\';',16,16,'m3u8|06f630edd449|81af|41d8|07f3|803c1d1c|com|surrit|https|video|1280x720|source1280|842x480|source842|playlist|source'
Miyuki - 2026-02-25 00:15:31 - DEBUG - Split parts array (length 16): ["f=\\'8://7.6/5-4-3-2-1/e.0\\';d=\\'8://7.6/5-4-3-2-1/c/9.0\\';b=\\'8://7.6/5-4-3-2-1/a/9.0\\';',16,16,'m3u8", '06f630edd449', '81af', '41d8', '07f3', '803c1d1c', 'com', 'surrit', 'https', 'video', '1280x720', 'source1280', '842x480', 'source842', 'playlist', 'source']
Miyuki - 2026-02-25 00:15:31 - INFO - Constructed UUID successfully: 803c1d1c-07f3-41d8-81af-06f630edd449
Miyuki - 2026-02-25 00:15:31 - INFO - Found title: 'HRV-023 Life&#039;s First Trance State Super Iki Cum Sex BES', Sanitized: 'HRV-023_Life&#039;s_First_Trance_State_Super_Iki_Cum_Sex_BES_uncensored'
Miyuki - 2026-02-25 09:12:58 - INFO - Successfully matched eval split string content.
Miyuki - 2026-02-25 09:12:59 - DEBUG - Split string content raw: 'e=\'8://7.6/5-4-3-2-1/d.0\';c=\'8://7.6/5-4-3-2-1/a/9.0\';b=\'8://7.6/5-4-3-2-1/a/9.0\';',15,15,'m3u8|780d79443c28|b356|4de8|1f0d|c2402b32|com|surrit|https|video|842x480|source1280|source842|playlist|source'
Miyuki - 2026-02-25 09:12:59 - DEBUG - Split parts array (length 15): ["e=\\'8://7.6/5-4-3-2-1/d.0\\';c=\\'8://7.6/5-4-3-2-1/a/9.0\\';b=\\'8://7.6/5-4-3-2-1/a/9.0\\';',15,15,'m3u8", '780d79443c28', 'b356', '4de8', '1f0d', 'c2402b32', 'com', 'surrit', 'https', 'video', '842x480', 'source1280', 'source842', 'playlist', 'source']
Miyuki - 2026-02-25 09:12:59 - INFO - Constructed UUID successfully: c2402b32-1f0d-4de8-b356-780d79443c28
Miyuki - 2026-02-25 09:12:59 - INFO - Found title: 'SDDE-364 Municipal housing complex Oma * ko New Town A', Sanitized: 'SDDE-364_Municipal_housing_complex_Oma_ko_New_Town_A'
